<?xml version="1.0" encoding="UTF-8"?>
<testng-results skipped="0" failed="0" ignored="0" total="5" passed="5">
  <reporter-output>
  </reporter-output>
  <suite name="Default suite" duration-ms="54281" started-at="2019-06-26T22:45:46Z" finished-at="2019-06-26T22:46:40Z">
    <groups>
    </groups>
    <test name="Default test" duration-ms="54281" started-at="2019-06-26T22:45:46Z" finished-at="2019-06-26T22:46:40Z">
      <class name="tests.CartPageTest">
        <test-method status="PASS" signature="startBrowser()[pri:0, instance:tests.CartPageTest@14acaea5]" name="startBrowser" is-config="true" duration-ms="4804" started-at="2019-06-26T22:45:46Z" finished-at="2019-06-26T22:45:51Z">
          <reporter-output>
          </reporter-output>
        </test-method> <!-- startBrowser -->
        <test-method status="PASS" signature="unloggedAddItemToEmpyCart()[pri:0, instance:tests.CartPageTest@14acaea5]" name="unloggedAddItemToEmpyCart" duration-ms="31715" started-at="2019-06-26T22:45:51Z" finished-at="2019-06-26T22:46:23Z">
          <reporter-output>
          </reporter-output>
        </test-method> <!-- unloggedAddItemToEmpyCart -->
        <test-method status="PASS" signature="unloggedEmptyCartSendUsYourComments()[pri:0, instance:tests.CartPageTest@14acaea5]" name="unloggedEmptyCartSendUsYourComments" duration-ms="6069" started-at="2019-06-26T22:46:23Z" finished-at="2019-06-26T22:46:29Z">
          <reporter-output>
          </reporter-output>
        </test-method> <!-- unloggedEmptyCartSendUsYourComments -->
        <test-method status="PASS" signature="unloggedEmptyCartStartShopping()[pri:0, instance:tests.CartPageTest@14acaea5]" name="unloggedEmptyCartStartShopping" duration-ms="5503" started-at="2019-06-26T22:46:29Z" finished-at="2019-06-26T22:46:34Z">
          <reporter-output>
          </reporter-output>
        </test-method> <!-- unloggedEmptyCartStartShopping -->
        <test-method status="PASS" signature="unloggedViewAndAssertCartPage()[pri:0, instance:tests.CartPageTest@14acaea5]" name="unloggedViewAndAssertCartPage" duration-ms="2961" started-at="2019-06-26T22:46:34Z" finished-at="2019-06-26T22:46:37Z">
          <reporter-output>
          </reporter-output>
        </test-method> <!-- unloggedViewAndAssertCartPage -->
        <test-method status="PASS" signature="unloggedViewCartPageCheckIfEmpty()[pri:0, instance:tests.CartPageTest@14acaea5]" name="unloggedViewCartPageCheckIfEmpty" duration-ms="2966" started-at="2019-06-26T22:46:37Z" finished-at="2019-06-26T22:46:40Z">
          <reporter-output>
          </reporter-output>
        </test-method> <!-- unloggedViewCartPageCheckIfEmpty -->
        <test-method status="PASS" signature="closeBrowser()[pri:0, instance:tests.CartPageTest@14acaea5]" name="closeBrowser" is-config="true" duration-ms="229" started-at="2019-06-26T22:46:40Z" finished-at="2019-06-26T22:46:40Z">
          <reporter-output>
          </reporter-output>
        </test-method> <!-- closeBrowser -->
      </class> <!-- tests.CartPageTest -->
    </test> <!-- Default test -->
  </suite> <!-- Default suite -->
</testng-results>
