<?xml version="1.0" encoding="UTF-8"?>
<!-- Generated by org.testng.reporters.JUnitXMLReporter -->
<testsuite hostname="DESKTOP-P2734B8" ignored="0" name="Suite 1" tests="6" failures="0" timestamp="2019-12-09T20:46:04 CET" time="91.076" errors="0">
  <testcase name="unloggedAddItemToEmpyCart" time="30.688" classname="tests.CartPageTest"/>
  <testcase name="unloggedEmptyCartSendUsYourComments" time="7.509" classname="tests.CartPageTest"/>
  <testcase name="unloggedEmptyCartStartShopping" time="6.569" classname="tests.CartPageTest"/>
  <testcase name="unloggedViewAndAssertCartPage" time="5.297" classname="tests.CartPageTest"/>
  <testcase name="unloggedViewCartPageCheckIfEmpty" time="3.133" classname="tests.CartPageTest"/>
  <testcase name="searchForRug" time="16.885" classname="tests.SearchPageTest"/>
</testsuite> <!-- Suite 1 -->
